-------------------------------------------------------------------------------
Test set: com.thinkconstructive.restdemo.controller.CloudVendorControllerTest
-------------------------------------------------------------------------------
Tests run: 5, Failures: 3, Errors: 0, Skipped: 0, Time elapsed: 1.728 s <<< FAILURE! - in com.thinkconstructive.restdemo.controller.CloudVendorControllerTest
getAllCloudVendorDetails  Time elapsed: 0.149 s  <<< FAILURE!
java.lang.AssertionError: Status expected:<200> but was:<404>
	at com.thinkconstructive.restdemo.controller.CloudVendorControllerTest.getAllCloudVendorDetails(CloudVendorControllerTest.java:62)

createCloudVendorDetails  Time elapsed: 0.1 s  <<< FAILURE!
java.lang.AssertionError: Status expected:<200> but was:<404>
	at com.thinkconstructive.restdemo.controller.CloudVendorControllerTest.createCloudVendorDetails(CloudVendorControllerTest.java:76)

updateCloudVendorDetails  Time elapsed: 0.055 s  <<< FAILURE!
java.lang.AssertionError: Status expected:<200> but was:<404>
	at com.thinkconstructive.restdemo.controller.CloudVendorControllerTest.updateCloudVendorDetails(CloudVendorControllerTest.java:91)

